<?xml version="1.0" encoding="UTF-8"?>
<testng-results ignored="0" total="1" passed="1" failed="0" skipped="0">
  <reporter-output>
  </reporter-output>
  <suite started-at="2022-05-10T00:14:23Z" name="Surefire suite" finished-at="2022-05-10T00:15:25Z" duration-ms="61148">
    <groups>
    </groups>
    <test started-at="2022-05-10T00:14:23Z" name="Surefire test" finished-at="2022-05-10T00:15:25Z" duration-ms="61148">
      <class name="com.test.AcceptanceIT">
        <test-method is-config="true" signature="initialize()[pri:0, instance:com.test.AcceptanceIT@1e800aaa]" started-at="2022-05-10T00:14:23Z" name="initialize" finished-at="2022-05-10T00:14:24Z" duration-ms="331" status="PASS">
          <reporter-output>
          </reporter-output>
        </test-method> <!-- initialize -->
        <test-method signature="parallelRun()[pri:0, instance:com.test.AcceptanceIT@1e800aaa]" started-at="2022-05-10T00:14:24Z" name="parallelRun" finished-at="2022-05-10T00:15:25Z" duration-ms="60793" status="PASS">
          <reporter-output>
          </reporter-output>
        </test-method> <!-- parallelRun -->
      </class> <!-- com.test.AcceptanceIT -->
    </test> <!-- Surefire test -->
  </suite> <!-- Surefire suite -->
</testng-results>
