<?xml version="1.0" encoding="UTF-8"?>
<testsuite xmlns:xsi="http://www.w3.org/2001/XMLSchema-instance" xsi:noNamespaceSchemaLocation="https://maven.apache.org/surefire/maven-failsafe-plugin/xsd/failsafe-test-report-3.0.xsd" version="3.0" name="com.test.AcceptanceIT" time="61.829" tests="1" errors="0" skipped="0" failures="0">
  <properties>
[...]
</properties>
  <testcase name="parallelRun" classname="com.test.AcceptanceIT" time="60.804">
    <system-out><![CDATA[Configuring TestNG with: TestNG60Configurator

------------------------------------------------------------------------
Report published at: 2022-05-10T00:15:24.894246Z

Courgette published your Cucumber Report to:
https://reports.cucumber.io/reports/356cadea-5015-49c3-b5e0-b9d8912c227f
------------------------------------------------------------------------

]]></system-out>
  </testcase>
</testsuite>